Linked: (/home/zz/ROS/devel/.private/moveo_moveit/include/moveo_moveit/ArmJointState.h, /home/zz/ROS/devel/include/moveo_moveit/ArmJointState.h)
Linked: (/home/zz/ROS/devel/.private/moveo_moveit/share/moveo_moveit/cmake/moveo_moveitConfig.cmake, /home/zz/ROS/devel/share/moveo_moveit/cmake/moveo_moveitConfig.cmake)
Linked: (/home/zz/ROS/devel/.private/moveo_moveit/share/moveo_moveit/cmake/moveo_moveitConfig-version.cmake, /home/zz/ROS/devel/share/moveo_moveit/cmake/moveo_moveitConfig-version.cmake)
Linked: (/home/zz/ROS/devel/.private/moveo_moveit/share/moveo_moveit/cmake/moveo_moveit-msg-paths.cmake, /home/zz/ROS/devel/share/moveo_moveit/cmake/moveo_moveit-msg-paths.cmake)
Linked: (/home/zz/ROS/devel/.private/moveo_moveit/share/moveo_moveit/cmake/moveo_moveit-msg-extras.cmake, /home/zz/ROS/devel/share/moveo_moveit/cmake/moveo_moveit-msg-extras.cmake)
Linked: (/home/zz/ROS/devel/.private/moveo_moveit/share/roseus/ros/moveo_moveit/manifest.l, /home/zz/ROS/devel/share/roseus/ros/moveo_moveit/manifest.l)
Linked: (/home/zz/ROS/devel/.private/moveo_moveit/share/roseus/ros/moveo_moveit/msg/ArmJointState.l, /home/zz/ROS/devel/share/roseus/ros/moveo_moveit/msg/ArmJointState.l)
Linked: (/home/zz/ROS/devel/.private/moveo_moveit/share/gennodejs/ros/moveo_moveit/_index.js, /home/zz/ROS/devel/share/gennodejs/ros/moveo_moveit/_index.js)
Linked: (/home/zz/ROS/devel/.private/moveo_moveit/share/gennodejs/ros/moveo_moveit/msg/ArmJointState.js, /home/zz/ROS/devel/share/gennodejs/ros/moveo_moveit/msg/ArmJointState.js)
Linked: (/home/zz/ROS/devel/.private/moveo_moveit/share/gennodejs/ros/moveo_moveit/msg/_index.js, /home/zz/ROS/devel/share/gennodejs/ros/moveo_moveit/msg/_index.js)
Linked: (/home/zz/ROS/devel/.private/moveo_moveit/share/common-lisp/ros/moveo_moveit/msg/_package.lisp, /home/zz/ROS/devel/share/common-lisp/ros/moveo_moveit/msg/_package.lisp)
Linked: (/home/zz/ROS/devel/.private/moveo_moveit/share/common-lisp/ros/moveo_moveit/msg/_package_ArmJointState.lisp, /home/zz/ROS/devel/share/common-lisp/ros/moveo_moveit/msg/_package_ArmJointState.lisp)
Linked: (/home/zz/ROS/devel/.private/moveo_moveit/share/common-lisp/ros/moveo_moveit/msg/ArmJointState.lisp, /home/zz/ROS/devel/share/common-lisp/ros/moveo_moveit/msg/ArmJointState.lisp)
Linked: (/home/zz/ROS/devel/.private/moveo_moveit/share/common-lisp/ros/moveo_moveit/msg/moveo_moveit-msg.asd, /home/zz/ROS/devel/share/common-lisp/ros/moveo_moveit/msg/moveo_moveit-msg.asd)
Linked: (/home/zz/ROS/devel/.private/moveo_moveit/lib/pkgconfig/moveo_moveit.pc, /home/zz/ROS/devel/lib/pkgconfig/moveo_moveit.pc)
Linked: (/home/zz/ROS/devel/.private/moveo_moveit/lib/moveo_moveit/move_group_1, /home/zz/ROS/devel/lib/moveo_moveit/move_group_1)
Linked: (/home/zz/ROS/devel/.private/moveo_moveit/lib/moveo_moveit/moveit_convert, /home/zz/ROS/devel/lib/moveo_moveit/moveit_convert)
Linked: (/home/zz/ROS/devel/.private/moveo_moveit/lib/moveo_moveit/arctos_pick_place, /home/zz/ROS/devel/lib/moveo_moveit/arctos_pick_place)
Linked: (/home/zz/ROS/devel/.private/moveo_moveit/lib/python2.7/dist-packages/moveo_moveit/__init__.py, /home/zz/ROS/devel/lib/python2.7/dist-packages/moveo_moveit/__init__.py)
Linked: (/home/zz/ROS/devel/.private/moveo_moveit/lib/python2.7/dist-packages/moveo_moveit/msg/__init__.py, /home/zz/ROS/devel/lib/python2.7/dist-packages/moveo_moveit/msg/__init__.py)
Linked: (/home/zz/ROS/devel/.private/moveo_moveit/lib/python2.7/dist-packages/moveo_moveit/msg/_ArmJointState.py, /home/zz/ROS/devel/lib/python2.7/dist-packages/moveo_moveit/msg/_ArmJointState.py)
