[  0%] Built target sensor_msgs_generate_messages_cpp
[ 15%] Built target move_group_1
[ 15%] Built target _moveo_moveit_generate_messages_check_deps_ArmJointState
[35m[1mScanning dependencies of target arctos_pick_place[0m
[ 15%] Built target std_msgs_generate_messages_cpp
[ 23%] [32mBuilding CXX object CMakeFiles/arctos_pick_place.dir/src/arctos_pick_place.cpp.o[0m
[ 23%] Built target std_msgs_generate_messages_lisp
[ 23%] Built target sensor_msgs_generate_messages_lisp
[ 23%] Built target std_msgs_generate_messages_py
[ 23%] Built target sensor_msgs_generate_messages_py
[ 23%] Built target sensor_msgs_generate_messages_eus
[ 23%] Built target std_msgs_generate_messages_eus
[ 23%] Built target sensor_msgs_generate_messages_nodejs
[ 23%] Built target std_msgs_generate_messages_nodejs
[ 30%] Built target moveo_moveit_generate_messages_lisp
[ 38%] Built target moveo_moveit_generate_messages_cpp
[ 53%] Built target moveo_moveit_generate_messages_py
[ 61%] Built target moveo_moveit_generate_messages_nodejs
[ 76%] Built target moveo_moveit_generate_messages_eus
[ 92%] Built target moveit_convert
[ 92%] Built target moveo_moveit_generate_messages
[100%] [32m[1mLinking CXX executable /home/zz/ROS/devel/.private/moveo_moveit/lib/moveo_moveit/arctos_pick_place[0m
[100%] Built target arctos_pick_place
